<?xml version="1.0" encoding="UTF-8"?>
<testng-results ignored="0" total="2" passed="2" failed="0" skipped="0">
  <reporter-output>
  </reporter-output>
  <suite started-at="2025-02-07T22:15:57 IST" name="Default suite" finished-at="2025-02-07T22:16:00 IST" duration-ms="3234">
    <groups>
      <group name="cucumber">
        <method signature="AbstractTestNGCucumberTests.runScenario(io.cucumber.testng.PickleWrapper,io.cucumber.testng.FeatureWrapper)[pri:0, instance:run.testRunner@20d525]" name="runScenario" class="io.cucumber.testng.AbstractTestNGCucumberTests"/>
      </group> <!-- cucumber -->
    </groups>
    <test started-at="2025-02-07T22:15:57 IST" name="Default test" finished-at="2025-02-07T22:16:00 IST" duration-ms="3234">
      <class name="run.testRunner">
        <test-method is-config="true" signature="setUpClass(org.testng.ITestContext)[pri:0, instance:run.testRunner@20d525]" started-at="2025-02-07T22:15:57 IST" name="setUpClass" finished-at="2025-02-07T22:15:58 IST" duration-ms="967" status="PASS">
          <params>
            <param index="0">
              <value>
                <![CDATA[org.testng.TestRunner@59838256]]>
              </value>
            </param>
          </params>
          <reporter-output>
          </reporter-output>
        </test-method> <!-- setUpClass -->
        <test-method signature="runScenario(io.cucumber.testng.PickleWrapper,io.cucumber.testng.FeatureWrapper)[pri:0, instance:run.testRunner@20d525]" started-at="2025-02-07T22:15:58 IST" name="runScenario" description="Runs Cucumber Scenarios" data-provider="scenarios" finished-at="2025-02-07T22:15:58 IST" duration-ms="225" status="PASS">
          <params>
            <param index="0">
              <value>
                <![CDATA["scenario1"]]>
              </value>
            </param>
            <param index="1">
              <value>
                <![CDATA["feature1"]]>
              </value>
            </param>
          </params>
          <reporter-output>
          </reporter-output>
        </test-method> <!-- runScenario -->
        <test-method signature="runScenario(io.cucumber.testng.PickleWrapper,io.cucumber.testng.FeatureWrapper)[pri:0, instance:run.testRunner@20d525]" started-at="2025-02-07T22:15:58 IST" name="runScenario" description="Runs Cucumber Scenarios" data-provider="scenarios" finished-at="2025-02-07T22:15:58 IST" duration-ms="16" status="PASS">
          <params>
            <param index="0">
              <value>
                <![CDATA["scenario2"]]>
              </value>
            </param>
            <param index="1">
              <value>
                <![CDATA["feature1"]]>
              </value>
            </param>
          </params>
          <reporter-output>
          </reporter-output>
        </test-method> <!-- runScenario -->
        <test-method is-config="true" signature="tearDownClass()[pri:0, instance:run.testRunner@20d525]" started-at="2025-02-07T22:15:58 IST" name="tearDownClass" finished-at="2025-02-07T22:16:00 IST" duration-ms="1960" status="PASS">
          <reporter-output>
          </reporter-output>
        </test-method> <!-- tearDownClass -->
      </class> <!-- run.testRunner -->
    </test> <!-- Default test -->
  </suite> <!-- Default suite -->
</testng-results>
